Unity Editor version:    2021.3.25f1 (68ef2c4f8861)
Branch:                  2021.3/staging
Build type:              Release
Batch mode:              YES
macOS version:           Version 13.2.1 (Build 22D68)
Darwin version:          22.3.0
Architecture:            arm64
Running under Rosetta:   NO
Available memory:        16384 MB
Using pre-set license
Pro License: YES

COMMAND LINE ARGUMENTS:
/Applications/Unity/Hub/Editor/2021.3.25f1/Unity.app/Contents/MacOS/Unity
-adb2
-batchMode
-noUpm
-name
AssetImportWorker2
-projectPath
/Users/wesleywebb/Dev/FotF/fotf-tactics/FotF Tactics
-logFile
Logs/AssetImportWorker2.log
-srvPort
56789
Successfully changed project path to: /Users/wesleywebb/Dev/FotF/fotf-tactics/FotF Tactics
/Users/wesleywebb/Dev/FotF/fotf-tactics/FotF Tactics
[UnityMemory] Configuration Parameters - Can be set up in boot.config
    "memorysetup-bucket-allocator-granularity=16"
    "memorysetup-bucket-allocator-bucket-count=8"
    "memorysetup-bucket-allocator-block-size=33554432"
    "memorysetup-bucket-allocator-block-count=8"
    "memorysetup-main-allocator-block-size=16777216"
    "memorysetup-thread-allocator-block-size=16777216"
    "memorysetup-gfx-main-allocator-block-size=16777216"
    "memorysetup-gfx-thread-allocator-block-size=16777216"
    "memorysetup-cache-allocator-block-size=4194304"
    "memorysetup-typetree-allocator-block-size=2097152"
    "memorysetup-profiler-bucket-allocator-granularity=16"
    "memorysetup-profiler-bucket-allocator-bucket-count=8"
    "memorysetup-profiler-bucket-allocator-block-size=33554432"
    "memorysetup-profiler-bucket-allocator-block-count=8"
    "memorysetup-profiler-allocator-block-size=16777216"
    "memorysetup-profiler-editor-allocator-block-size=1048576"
    "memorysetup-temp-allocator-size-main=16777216"
    "memorysetup-job-temp-allocator-block-size=2097152"
    "memorysetup-job-temp-allocator-block-size-background=1048576"
    "memorysetup-job-temp-allocator-reduction-small-platforms=262144"
    "memorysetup-temp-allocator-size-background-worker=32768"
    "memorysetup-temp-allocator-size-job-worker=262144"
    "memorysetup-temp-allocator-size-preload-manager=33554432"
    "memorysetup-temp-allocator-size-nav-mesh-worker=65536"
    "memorysetup-temp-allocator-size-audio-worker=65536"
    "memorysetup-temp-allocator-size-cloud-worker=32768"
    "memorysetup-temp-allocator-size-gi-baking-worker=262144"
    "memorysetup-temp-allocator-size-gfx=262144"
Player connection [8771977536] Host "[IP] 192.168.1.184 [Port] 0 [Flags] 2 [Guid] 2332608708 [EditorId] 2332608708 [Version] 1048832 [Id] OSXEditor(0,Wesleys-MBP.lan) [Debug] 1 [PackageName] OSXEditor [ProjectName] Editor" joined multi-casting on [225.0.0.222:54997]...

Player connection [8771977536] Host "[IP] 192.168.1.184 [Port] 0 [Flags] 2 [Guid] 2332608708 [EditorId] 2332608708 [Version] 1048832 [Id] OSXEditor(0,Wesleys-MBP.lan) [Debug] 1 [PackageName] OSXEditor [ProjectName] Editor" joined alternative multi-casting on [225.0.0.222:34997]...

Refreshing native plugins compatible for Editor in 78.18 ms, found 2 plugins.
Preloading 0 native plugins for Editor in 0.00 ms.
Initialize engine version: 2021.3.25f1 (68ef2c4f8861)
[Subsystems] Discovering subsystems at path /Applications/Unity/Hub/Editor/2021.3.25f1/Unity.app/Contents/Resources/UnitySubsystems
[Subsystems] Discovering subsystems at path /Users/wesleywebb/Dev/FotF/fotf-tactics/FotF Tactics/Assets
GfxDevice: creating device client; threaded=0; jobified=0
 preferred device: Apple M2 Pro (high power)
Metal devices available: 1
0: Apple M2 Pro (high power)
Using device Apple M2 Pro (high power)
Initializing Metal device caps: Apple M2 Pro
Initialize mono
Mono path[0] = '/Applications/Unity/Hub/Editor/2021.3.25f1/Unity.app/Contents/Managed'
Mono path[1] = '/Applications/Unity/Hub/Editor/2021.3.25f1/Unity.app/Contents/MonoBleedingEdge/lib/mono/unityjit-macos'
Mono config path = '/Applications/Unity/Hub/Editor/2021.3.25f1/Unity.app/Contents/MonoBleedingEdge/etc'
Using monoOptions --debugger-agent=transport=dt_socket,embedding=1,server=y,suspend=n,address=127.0.0.1:56110
Begin MonoManager ReloadAssembly
Registering precompiled unity dll's ...
Register platform support module: /Applications/Unity/Hub/Editor/2021.3.25f1/PlaybackEngines/WebGLSupport/UnityEditor.WebGL.Extensions.dll
Register platform support module: /Applications/Unity/Hub/Editor/2021.3.25f1/Unity.app/Contents/PlaybackEngines/MacStandaloneSupport/UnityEditor.OSXStandalone.Extensions.dll
Registered in 0.001953 seconds.
Native extension for OSXStandalone target not found
Native extension for WebGL target not found
Refreshing native plugins compatible for Editor in 74.10 ms, found 2 plugins.
Preloading 0 native plugins for Editor in 0.00 ms.
Mono: successfully reloaded assembly
- Completed reload, in  0.501 seconds
Domain Reload Profiling:
	ReloadAssembly (501ms)
		BeginReloadAssembly (72ms)
			ExecutionOrderSort (0ms)
			DisableScriptedObjects (0ms)
			BackupInstance (0ms)
			ReleaseScriptingObjects (0ms)
			CreateAndSetChildDomain (1ms)
		EndReloadAssembly (355ms)
			LoadAssemblies (72ms)
			RebuildTransferFunctionScriptingTraits (0ms)
			SetupTypeCache (87ms)
			ReleaseScriptCaches (0ms)
			RebuildScriptCaches (25ms)
			SetupLoadedEditorAssemblies (210ms)
				LogAssemblyErrors (0ms)
				InitializePlatformSupportModulesInManaged (5ms)
				SetLoadedEditorAssemblies (0ms)
				RefreshPlugins (74ms)
				BeforeProcessingInitializeOnLoad (1ms)
				ProcessInitializeOnLoadAttributes (99ms)
				ProcessInitializeOnLoadMethodAttributes (31ms)
				AfterProcessingInitializeOnLoad (0ms)
				EditorAssembliesLoaded (0ms)
			ExecutionOrderSort2 (0ms)
			AwakeInstancesAfterBackupRestoration (0ms)
Platform modules already initialized, skipping
Registering precompiled user dll's ...
Registered in 0.001737 seconds.
Begin MonoManager ReloadAssembly
Symbol file LoadedFromMemory doesn't match image /Users/wesleywebb/Dev/FotF/fotf-tactics/FotF Tactics/Library/PackageCache/com.unity.visualscripting@1.8.0/Editor/VisualScripting.Core/Dependencies/YamlDotNet/Unity.VisualScripting.YamlDotNet.dll
Symbol file LoadedFromMemory doesn't match image /Users/wesleywebb/Dev/FotF/fotf-tactics/FotF Tactics/Library/PackageCache/com.unity.visualscripting@1.8.0/Editor/VisualScripting.Core/Dependencies/DotNetZip/Unity.VisualScripting.IonicZip.dll
Native extension for OSXStandalone target not found
Native extension for WebGL target not found
Refreshing native plugins compatible for Editor in 0.55 ms, found 2 plugins.
Preloading 0 native plugins for Editor in 0.00 ms.
System.Exception: Error! Visual Scripting: couldn't find visual scripting package
  at Unity.VisualScripting.PackageVersionUtility.get_version () [0x00043] in /Users/wesleywebb/Dev/FotF/fotf-tactics/FotF Tactics/Library/PackageCache/com.unity.visualscripting@1.8.0/Editor/VisualScripting.Core/Utilities/PackageVersionUtility.cs:31 
  at Unity.VisualScripting.BoltCoreManifest.get_version () [0x00000] in /Users/wesleywebb/Dev/FotF/fotf-tactics/FotF Tactics/Library/PackageCache/com.unity.visualscripting@1.8.0/Editor/VisualScripting.Core/Plugin/BoltCoreManifest.cs:11 
  at Unity.VisualScripting.PluginManifest.get_currentVersion () [0x00000] in /Users/wesleywebb/Dev/FotF/fotf-tactics/FotF Tactics/Library/PackageCache/com.unity.visualscripting@1.8.0/Editor/VisualScripting.Core/Plugins/PluginManifest.cs:33 
  at Unity.VisualScripting.PluginManifest.get_versionMismatch () [0x00000] in /Users/wesleywebb/Dev/FotF/fotf-tactics/FotF Tactics/Library/PackageCache/com.unity.visualscripting@1.8.0/Editor/VisualScripting.Core/Plugins/PluginManifest.cs:48 
  at Unity.VisualScripting.PluginContainer.Initialize () [0x00525] in /Users/wesleywebb/Dev/FotF/fotf-tactics/FotF Tactics/Library/PackageCache/com.unity.visualscripting@1.8.0/Editor/VisualScripting.Core/Plugins/PluginContainer.cs:208 
  at Unity.VisualScripting.PluginContainer.InitializeOnLoad () [0x00009] in /Users/wesleywebb/Dev/FotF/fotf-tactics/FotF Tactics/Library/PackageCache/com.unity.visualscripting@1.8.0/Editor/VisualScripting.Core/Plugins/PluginContainer.cs:32 
  at Unity.VisualScripting.VSUsageUtility.DoInitializeOnLoadCalls () [0x00034] in /Users/wesleywebb/Dev/FotF/fotf-tactics/FotF Tactics/Library/PackageCache/com.unity.visualscripting@1.8.0/Editor/VisualScripting.Core/Utilities/VSUsageUtility.cs:76 
  at Unity.VisualScripting.VSUsageUtility.set_isVisualScriptingUsed (System.Boolean value) [0x0002c] in /Users/wesleywebb/Dev/FotF/fotf-tactics/FotF Tactics/Library/PackageCache/com.unity.visualscripting@1.8.0/Editor/VisualScripting.Core/Utilities/VSUsageUtility.cs:114 
  at Unity.VisualScripting.VSUsageUtility.CheckAndSetIsVisualScriptingUsed () [0x00032] in /Users/wesleywebb/Dev/FotF/fotf-tactics/FotF Tactics/Library/PackageCache/com.unity.visualscripting@1.8.0/Editor/VisualScripting.Core/Utilities/VSUsageUtility.cs:48 
  at Unity.VisualScripting.VSUsageUtility..cctor () [0x00000] in /Users/wesleywebb/Dev/FotF/fotf-tactics/FotF Tactics/Library/PackageCache/com.unity.visualscripting@1.8.0/Editor/VisualScripting.Core/Utilities/VSUsageUtility.cs:22 
UnityEngine.StackTraceUtility:ExtractStackTrace () (at /Users/bokken/build/output/unity/unity/Runtime/Export/Scripting/StackTrace.cs:37)
UnityEngine.DebugLogHandler:LogFormat (UnityEngine.LogType,UnityEngine.Object,string,object[])
UnityEngine.Logger:Log (UnityEngine.LogType,object)
UnityEngine.Debug:LogError (object)
UnityEditor.EditorAssemblies:ProcessInitializeOnLoadAttributes (System.Type[]) (at /Users/bokken/build/output/unity/unity/Editor/Mono/EditorAssemblies.cs:130)

(Filename: /Users/bokken/build/output/unity/unity/Editor/Mono/EditorAssemblies.cs Line: 130)

Mono: successfully reloaded assembly
- Completed reload, in  0.994 seconds
Domain Reload Profiling:
	ReloadAssembly (995ms)
		BeginReloadAssembly (87ms)
			ExecutionOrderSort (0ms)
			DisableScriptedObjects (5ms)
			BackupInstance (0ms)
			ReleaseScriptingObjects (0ms)
			CreateAndSetChildDomain (24ms)
		EndReloadAssembly (822ms)
			LoadAssemblies (62ms)
			RebuildTransferFunctionScriptingTraits (0ms)
			SetupTypeCache (214ms)
			ReleaseScriptCaches (1ms)
			RebuildScriptCaches (42ms)
			SetupLoadedEditorAssemblies (480ms)
				LogAssemblyErrors (0ms)
				InitializePlatformSupportModulesInManaged (3ms)
				SetLoadedEditorAssemblies (0ms)
				RefreshPlugins (1ms)
				BeforeProcessingInitializeOnLoad (61ms)
				ProcessInitializeOnLoadAttributes (402ms)
				ProcessInitializeOnLoadMethodAttributes (12ms)
				AfterProcessingInitializeOnLoad (1ms)
				EditorAssembliesLoaded (0ms)
			ExecutionOrderSort2 (0ms)
			AwakeInstancesAfterBackupRestoration (3ms)
Platform modules already initialized, skipping
========================================================================
Worker process is ready to serve import requests
Launching external process: /Applications/Unity/Hub/Editor/2021.3.25f1/Unity.app/Contents/Tools/UnityShaderCompiler
Launched and connected shader compiler UnityShaderCompiler after 0.06 seconds
Refreshing native plugins compatible for Editor in 0.44 ms, found 2 plugins.
Preloading 0 native plugins for Editor in 0.00 ms.
Unloading 3054 Unused Serialized files (Serialized files now loaded: 0)
Unloading 24 unused Assets / (Unknown). Loaded Objects now: 3515.
Memory consumption went from 102.4 MB to 102.4 MB.
Total: 12.289292 ms (FindLiveObjects: 0.132958 ms CreateObjectMapping: 0.046375 ms MarkObjects: 12.016625 ms  DeleteObjects: 0.092875 ms)

AssetImportParameters requested are different than current active one (requested -> active):
  custom:video-decoder-ogg-theora: a1e56fd34408186e4bbccfd4996cb3dc -> 
  custom:container-muxer-webm: aa71ff27fc2769a1b78a27578f13a17b -> 
  custom:container-demuxer-webm: 4f35f7cbe854078d1ac9338744f61a02 -> 
  custom:video-encoder-webm-vp8: eb34c28f22e8b96e1ab97ce403110664 -> 
  custom:framework-osx-AVFoundation: e770b220cccbd017edd2c1fefb359320 -> 
  custom:audio-encoder-webm-vorbis: bf7c407c2cedff20999df2af8eb42d56 -> 
  custom:container-demuxer-ogg: 62fdf1f143b41e24485cea50d1cbac27 -> 
  custom:video-decoder-webm-vp8: 9c59270c3fd7afecdb556c50c9e8de78 -> 
  custom:audio-decoder-ogg-vorbis: bf7c407c2cedff20999df2af8eb42d56 -> 
========================================================================
Received Import Request.
  Time since last request: 52485.339095 seconds.
  path: Assets/Meshs/prism_proto_1.fbx
  artifactKey: Guid(e807c7679cc27446eb7a838f591545f1) Importer(815301076,1909f56bfc062723c751e8b465ee728b)
Start importing Assets/Meshs/prism_proto_1.fbx using Guid(e807c7679cc27446eb7a838f591545f1) Importer(815301076,1909f56bfc062723c751e8b465ee728b)  -> (artifact id: '1be0fbfa19456a94292597e80d6d0036') in 0.878642 seconds 
========================================================================
Received Import Request.
  Time since last request: 45.640398 seconds.
  path: Assets/Meshs/prism_proto_1.fbx
  artifactKey: Guid(e807c7679cc27446eb7a838f591545f1) Importer(815301076,1909f56bfc062723c751e8b465ee728b)
Start importing Assets/Meshs/prism_proto_1.fbx using Guid(e807c7679cc27446eb7a838f591545f1) Importer(815301076,1909f56bfc062723c751e8b465ee728b)  -> (artifact id: '3041fe73700940173e593cd2feb767b0') in 0.117903 seconds 
========================================================================
Received Import Request.
  Time since last request: 23.490953 seconds.
  path: Assets/Meshs/prism_proto_1.fbx
  artifactKey: Guid(e807c7679cc27446eb7a838f591545f1) Importer(815301076,1909f56bfc062723c751e8b465ee728b)
Start importing Assets/Meshs/prism_proto_1.fbx using Guid(e807c7679cc27446eb7a838f591545f1) Importer(815301076,1909f56bfc062723c751e8b465ee728b)  -> (artifact id: 'ca6109538b496ad257a3b5f82bfe2192') in 0.111005 seconds 
========================================================================
Received Import Request.
  Time since last request: 451.422774 seconds.
  path: Assets/Meshs/prism_proto_2.fbx
  artifactKey: Guid(303652e68aabb4f4ab1c5d53ba42454e) Importer(815301076,1909f56bfc062723c751e8b465ee728b)
Start importing Assets/Meshs/prism_proto_2.fbx using Guid(303652e68aabb4f4ab1c5d53ba42454e) Importer(815301076,1909f56bfc062723c751e8b465ee728b)  -> (artifact id: '206bd4be78f383631e1e02a22389cf68') in 0.114684 seconds 
========================================================================
Received Import Request.
  Time since last request: 0.000038 seconds.
  path: Assets/Meshs/prism_proto_5.fbx
  artifactKey: Guid(a734ab7a75b0f436b85c85cb858eee80) Importer(815301076,1909f56bfc062723c751e8b465ee728b)
Start importing Assets/Meshs/prism_proto_5.fbx using Guid(a734ab7a75b0f436b85c85cb858eee80) Importer(815301076,1909f56bfc062723c751e8b465ee728b)  -> (artifact id: '028b016283c4c235f31eec5731ad2caa') in 0.124403 seconds 
========================================================================
Received Import Request.
  Time since last request: 156.240441 seconds.
  path: Assets/Material/ally_2.mat
  artifactKey: Guid(41df5daa92578428684b0e2746d42df3) Importer(815301076,1909f56bfc062723c751e8b465ee728b)
Start importing Assets/Material/ally_2.mat using Guid(41df5daa92578428684b0e2746d42df3) Importer(815301076,1909f56bfc062723c751e8b465ee728b)  -> (artifact id: '5a89cfdd51a44c3432291d1cab6f63e3') in 0.044572 seconds 
========================================================================
Received Import Request.
  Time since last request: 8.439907 seconds.
  path: Assets/Material/ally_1.mat
  artifactKey: Guid(e851f69a043fe49ff931d7d2036ee262) Importer(815301076,1909f56bfc062723c751e8b465ee728b)
Start importing Assets/Material/ally_1.mat using Guid(e851f69a043fe49ff931d7d2036ee262) Importer(815301076,1909f56bfc062723c751e8b465ee728b)  -> (artifact id: 'eb093ee71e59b8eba6462cb519d0e3f9') in 0.004814 seconds 
========================================================================
Received Import Request.
  Time since last request: 22.485223 seconds.
  path: Assets/Material/enemy_2.mat
  artifactKey: Guid(86854ab44f16d4a31aac68de462b8119) Importer(815301076,1909f56bfc062723c751e8b465ee728b)
Start importing Assets/Material/enemy_2.mat using Guid(86854ab44f16d4a31aac68de462b8119) Importer(815301076,1909f56bfc062723c751e8b465ee728b)  -> (artifact id: '7da450f69d75d13c6678e316fc4c5e2e') in 0.004808 seconds 
========================================================================
Received Import Request.
  Time since last request: 6.065107 seconds.
  path: Assets/Material/enemy_1.mat
  artifactKey: Guid(c5838ac40533643479af007143ac3aea) Importer(815301076,1909f56bfc062723c751e8b465ee728b)
Start importing Assets/Material/enemy_1.mat using Guid(c5838ac40533643479af007143ac3aea) Importer(815301076,1909f56bfc062723c751e8b465ee728b)  -> (artifact id: '36bc1bebdaae2f8008d16994d73803b4') in 0.004779 seconds 
========================================================================
Received Import Request.
  Time since last request: 313.889416 seconds.
  path: Assets/Material/ally_1_off.mat
  artifactKey: Guid(41df5daa92578428684b0e2746d42df3) Importer(815301076,1909f56bfc062723c751e8b465ee728b)
Start importing Assets/Material/ally_1_off.mat using Guid(41df5daa92578428684b0e2746d42df3) Importer(815301076,1909f56bfc062723c751e8b465ee728b)  -> (artifact id: '470175906030fdb6481b301b7ccbef7f') in 0.005729 seconds 
========================================================================
Received Import Request.
  Time since last request: 9.821129 seconds.
  path: Assets/Material/ally_1_pri.mat
  artifactKey: Guid(e851f69a043fe49ff931d7d2036ee262) Importer(815301076,1909f56bfc062723c751e8b465ee728b)
Start importing Assets/Material/ally_1_pri.mat using Guid(e851f69a043fe49ff931d7d2036ee262) Importer(815301076,1909f56bfc062723c751e8b465ee728b)  -> (artifact id: '02024219c99249edd1339a6ef1838c26') in 0.005255 seconds 
========================================================================
Received Import Request.
  Time since last request: 7.138618 seconds.
  path: Assets/Material/enemy_1_pri.mat
  artifactKey: Guid(c5838ac40533643479af007143ac3aea) Importer(815301076,1909f56bfc062723c751e8b465ee728b)
Start importing Assets/Material/enemy_1_pri.mat using Guid(c5838ac40533643479af007143ac3aea) Importer(815301076,1909f56bfc062723c751e8b465ee728b)  -> (artifact id: 'ebfda28b4d0cf2f5bc8ec54f8bd7d4d6') in 0.005131 seconds 
========================================================================
Received Import Request.
  Time since last request: 6.832125 seconds.
  path: Assets/Material/enemy_2_off.mat
  artifactKey: Guid(86854ab44f16d4a31aac68de462b8119) Importer(815301076,1909f56bfc062723c751e8b465ee728b)
Start importing Assets/Material/enemy_2_off.mat using Guid(86854ab44f16d4a31aac68de462b8119) Importer(815301076,1909f56bfc062723c751e8b465ee728b)  -> (artifact id: '40e333ee5c31ae835e4ef2e40e590b2c') in 0.004749 seconds 
========================================================================
Received Import Request.
  Time since last request: 8.365449 seconds.
  path: Assets/Material/ally
  artifactKey: Guid(39944bbf440414be6a869d5ffc0d429d) Importer(815301076,1909f56bfc062723c751e8b465ee728b)
Start importing Assets/Material/ally using Guid(39944bbf440414be6a869d5ffc0d429d) Importer(815301076,1909f56bfc062723c751e8b465ee728b)  -> (artifact id: 'f4cb58b91e38c70fd81708bd6441e92b') in 0.000626 seconds 
========================================================================
Received Import Request.
  Time since last request: 33.012727 seconds.
  path: Assets/Material/enemy
  artifactKey: Guid(4ced1848b850f493583aa2e59fe44f61) Importer(815301076,1909f56bfc062723c751e8b465ee728b)
Start importing Assets/Material/enemy using Guid(4ced1848b850f493583aa2e59fe44f61) Importer(815301076,1909f56bfc062723c751e8b465ee728b)  -> (artifact id: '546e49219d4b7680d5d67e339d8b82ca') in 0.000747 seconds 
========================================================================
Received Import Request.
  Time since last request: 35.722597 seconds.
  path: Assets/Material/board
  artifactKey: Guid(8b15b3f3634ef42cd9a985c82a000e20) Importer(815301076,1909f56bfc062723c751e8b465ee728b)
Start importing Assets/Material/board using Guid(8b15b3f3634ef42cd9a985c82a000e20) Importer(815301076,1909f56bfc062723c751e8b465ee728b)  -> (artifact id: 'dba5c1ceb885884311eedcb4a7806bd9') in 0.000681 seconds 
========================================================================
Received Prepare
Registering precompiled user dll's ...
Registered in 0.001682 seconds.
Begin MonoManager ReloadAssembly
Thread 0x16e837000 may have been prematurely finalized
Symbol file LoadedFromMemory doesn't match image /Users/wesleywebb/Dev/FotF/fotf-tactics/FotF Tactics/Library/PackageCache/com.unity.visualscripting@1.8.0/Editor/VisualScripting.Core/Dependencies/YamlDotNet/Unity.VisualScripting.YamlDotNet.dll
Symbol file LoadedFromMemory doesn't match image /Users/wesleywebb/Dev/FotF/fotf-tactics/FotF Tactics/Library/PackageCache/com.unity.visualscripting@1.8.0/Editor/VisualScripting.Core/Dependencies/DotNetZip/Unity.VisualScripting.IonicZip.dll
Native extension for OSXStandalone target not found
Native extension for WebGL target not found
Refreshing native plugins compatible for Editor in 0.50 ms, found 2 plugins.
Preloading 0 native plugins for Editor in 0.00 ms.
System.Exception: Error! Visual Scripting: couldn't find visual scripting package
  at Unity.VisualScripting.PackageVersionUtility.get_version () [0x00043] in /Users/wesleywebb/Dev/FotF/fotf-tactics/FotF Tactics/Library/PackageCache/com.unity.visualscripting@1.8.0/Editor/VisualScripting.Core/Utilities/PackageVersionUtility.cs:31 
  at Unity.VisualScripting.BoltCoreManifest.get_version () [0x00000] in /Users/wesleywebb/Dev/FotF/fotf-tactics/FotF Tactics/Library/PackageCache/com.unity.visualscripting@1.8.0/Editor/VisualScripting.Core/Plugin/BoltCoreManifest.cs:11 
  at Unity.VisualScripting.PluginManifest.get_currentVersion () [0x00000] in /Users/wesleywebb/Dev/FotF/fotf-tactics/FotF Tactics/Library/PackageCache/com.unity.visualscripting@1.8.0/Editor/VisualScripting.Core/Plugins/PluginManifest.cs:33 
  at Unity.VisualScripting.PluginManifest.get_versionMismatch () [0x00000] in /Users/wesleywebb/Dev/FotF/fotf-tactics/FotF Tactics/Library/PackageCache/com.unity.visualscripting@1.8.0/Editor/VisualScripting.Core/Plugins/PluginManifest.cs:48 
  at Unity.VisualScripting.PluginContainer.Initialize () [0x00525] in /Users/wesleywebb/Dev/FotF/fotf-tactics/FotF Tactics/Library/PackageCache/com.unity.visualscripting@1.8.0/Editor/VisualScripting.Core/Plugins/PluginContainer.cs:208 
  at Unity.VisualScripting.PluginContainer.InitializeOnLoad () [0x00009] in /Users/wesleywebb/Dev/FotF/fotf-tactics/FotF Tactics/Library/PackageCache/com.unity.visualscripting@1.8.0/Editor/VisualScripting.Core/Plugins/PluginContainer.cs:32 
  at Unity.VisualScripting.VSUsageUtility.DoInitializeOnLoadCalls () [0x00034] in /Users/wesleywebb/Dev/FotF/fotf-tactics/FotF Tactics/Library/PackageCache/com.unity.visualscripting@1.8.0/Editor/VisualScripting.Core/Utilities/VSUsageUtility.cs:76 
  at Unity.VisualScripting.VSUsageUtility.set_isVisualScriptingUsed (System.Boolean value) [0x0002c] in /Users/wesleywebb/Dev/FotF/fotf-tactics/FotF Tactics/Library/PackageCache/com.unity.visualscripting@1.8.0/Editor/VisualScripting.Core/Utilities/VSUsageUtility.cs:114 
  at Unity.VisualScripting.VSUsageUtility.CheckAndSetIsVisualScriptingUsed () [0x0000d] in /Users/wesleywebb/Dev/FotF/fotf-tactics/FotF Tactics/Library/PackageCache/com.unity.visualscripting@1.8.0/Editor/VisualScripting.Core/Utilities/VSUsageUtility.cs:33 
  at Unity.VisualScripting.VSUsageUtility..cctor () [0x00000] in /Users/wesleywebb/Dev/FotF/fotf-tactics/FotF Tactics/Library/PackageCache/com.unity.visualscripting@1.8.0/Editor/VisualScripting.Core/Utilities/VSUsageUtility.cs:22 
UnityEngine.StackTraceUtility:ExtractStackTrace () (at /Users/bokken/build/output/unity/unity/Runtime/Export/Scripting/StackTrace.cs:37)
UnityEngine.DebugLogHandler:LogFormat (UnityEngine.LogType,UnityEngine.Object,string,object[])
UnityEngine.Logger:Log (UnityEngine.LogType,object)
UnityEngine.Debug:LogError (object)
UnityEditor.EditorAssemblies:ProcessInitializeOnLoadAttributes (System.Type[]) (at /Users/bokken/build/output/unity/unity/Editor/Mono/EditorAssemblies.cs:130)

(Filename: /Users/bokken/build/output/unity/unity/Editor/Mono/EditorAssemblies.cs Line: 130)

Mono: successfully reloaded assembly
- Completed reload, in  0.898 seconds
Domain Reload Profiling:
	ReloadAssembly (898ms)
		BeginReloadAssembly (112ms)
			ExecutionOrderSort (0ms)
			DisableScriptedObjects (3ms)
			BackupInstance (0ms)
			ReleaseScriptingObjects (0ms)
			CreateAndSetChildDomain (43ms)
		EndReloadAssembly (719ms)
			LoadAssemblies (40ms)
			RebuildTransferFunctionScriptingTraits (0ms)
			SetupTypeCache (204ms)
			ReleaseScriptCaches (1ms)
			RebuildScriptCaches (32ms)
			SetupLoadedEditorAssemblies (301ms)
				LogAssemblyErrors (0ms)
				InitializePlatformSupportModulesInManaged (3ms)
				SetLoadedEditorAssemblies (0ms)
				RefreshPlugins (1ms)
				BeforeProcessingInitializeOnLoad (38ms)
				ProcessInitializeOnLoadAttributes (248ms)
				ProcessInitializeOnLoadMethodAttributes (11ms)
				AfterProcessingInitializeOnLoad (1ms)
				EditorAssembliesLoaded (0ms)
			ExecutionOrderSort2 (0ms)
			AwakeInstancesAfterBackupRestoration (3ms)
Platform modules already initialized, skipping
Refreshing native plugins compatible for Editor in 0.76 ms, found 2 plugins.
Preloading 0 native plugins for Editor in 0.00 ms.
Unloading 3049 Unused Serialized files (Serialized files now loaded: 0)
Unloading 17 unused Assets / (48.9 KB). Loaded Objects now: 3564.
Memory consumption went from 113.4 MB to 113.4 MB.
Total: 10.485875 ms (FindLiveObjects: 0.145625 ms CreateObjectMapping: 0.062625 ms MarkObjects: 10.174875 ms  DeleteObjects: 0.102167 ms)

AssetImportParameters requested are different than current active one (requested -> active):
  custom:video-decoder-ogg-theora: a1e56fd34408186e4bbccfd4996cb3dc -> 
  custom:container-muxer-webm: aa71ff27fc2769a1b78a27578f13a17b -> 
  custom:container-demuxer-webm: 4f35f7cbe854078d1ac9338744f61a02 -> 
  custom:video-encoder-webm-vp8: eb34c28f22e8b96e1ab97ce403110664 -> 
  custom:framework-osx-AVFoundation: e770b220cccbd017edd2c1fefb359320 -> 
  custom:audio-encoder-webm-vorbis: bf7c407c2cedff20999df2af8eb42d56 -> 
  custom:container-demuxer-ogg: 62fdf1f143b41e24485cea50d1cbac27 -> 
  custom:video-decoder-webm-vp8: 9c59270c3fd7afecdb556c50c9e8de78 -> 
  custom:audio-decoder-ogg-vorbis: bf7c407c2cedff20999df2af8eb42d56 -> 
========================================================================
Received Import Request.
  Time since last request: 155.375525 seconds.
  path: Assets/Material/ally/ally_2_main.mat
  artifactKey: Guid(cb56a3d1442fb4b49b33e4bfec69624a) Importer(815301076,1909f56bfc062723c751e8b465ee728b)
Start importing Assets/Material/ally/ally_2_main.mat using Guid(cb56a3d1442fb4b49b33e4bfec69624a) Importer(815301076,1909f56bfc062723c751e8b465ee728b)  -> (artifact id: '333f6123f4ff819ab5d53525dd3f8f83') in 0.048751 seconds 
========================================================================
Received Import Request.
  Time since last request: 15.494060 seconds.
  path: Assets/Material/ally/ally_2_off.mat
  artifactKey: Guid(a2c5ebc86e1ae47879110666dad5baad) Importer(815301076,1909f56bfc062723c751e8b465ee728b)
Start importing Assets/Material/ally/ally_2_off.mat using Guid(a2c5ebc86e1ae47879110666dad5baad) Importer(815301076,1909f56bfc062723c751e8b465ee728b)  -> (artifact id: 'a3626cea2ebd361648d37468fc58c988') in 0.005182 seconds 
========================================================================
Received Import Request.
  Time since last request: 257.258301 seconds.
  path: Assets/Meshs/prism_proto_5.fbx
  artifactKey: Guid(a734ab7a75b0f436b85c85cb858eee80) Importer(815301076,1909f56bfc062723c751e8b465ee728b)
Start importing Assets/Meshs/prism_proto_5.fbx using Guid(a734ab7a75b0f436b85c85cb858eee80) Importer(815301076,1909f56bfc062723c751e8b465ee728b)  -> (artifact id: '2797f08e36c925929ad809cbd5b8ab40') in 0.149392 seconds 
========================================================================
Received Import Request.
  Time since last request: 78.539384 seconds.
  path: Assets/Meshs/prism_proto_5.fbx
  artifactKey: Guid(a734ab7a75b0f436b85c85cb858eee80) Importer(815301076,1909f56bfc062723c751e8b465ee728b)
Start importing Assets/Meshs/prism_proto_5.fbx using Guid(a734ab7a75b0f436b85c85cb858eee80) Importer(815301076,1909f56bfc062723c751e8b465ee728b)  -> (artifact id: '93c5891b123fe4fbc9a0bc7437957549') in 0.118814 seconds 
========================================================================
Received Import Request.
  Time since last request: 220.055590 seconds.
  path: Assets/Meshs/prism_proto_4.fbx
  artifactKey: Guid(802c89fe60afd477dba7eb58e418a669) Importer(815301076,1909f56bfc062723c751e8b465ee728b)
Start importing Assets/Meshs/prism_proto_4.fbx using Guid(802c89fe60afd477dba7eb58e418a669) Importer(815301076,1909f56bfc062723c751e8b465ee728b)  -> (artifact id: 'c71472232fcf7c98efc50b8fd004af74') in 0.115551 seconds 
========================================================================
Received Import Request.
  Time since last request: 160.409002 seconds.
  path: Assets/Meshs/prism_proto_4.fbx
  artifactKey: Guid(802c89fe60afd477dba7eb58e418a669) Importer(815301076,1909f56bfc062723c751e8b465ee728b)
Start importing Assets/Meshs/prism_proto_4.fbx using Guid(802c89fe60afd477dba7eb58e418a669) Importer(815301076,1909f56bfc062723c751e8b465ee728b)  -> (artifact id: '9f6a7a475086774cca1c673d942cc473') in 0.118369 seconds 
========================================================================
Received Import Request.
  Time since last request: 77.759021 seconds.
  path: Assets/Meshs/prism_proto_4.fbx
  artifactKey: Guid(802c89fe60afd477dba7eb58e418a669) Importer(815301076,1909f56bfc062723c751e8b465ee728b)
Start importing Assets/Meshs/prism_proto_4.fbx using Guid(802c89fe60afd477dba7eb58e418a669) Importer(815301076,1909f56bfc062723c751e8b465ee728b)  -> (artifact id: '25c101bb54fbb9c4a14284976aa199c7') in 0.114709 seconds 
========================================================================
Received Import Request.
  Time since last request: 750.548415 seconds.
  path: Assets/Meshs/prism_proto_6.fbx
  artifactKey: Guid(888a030ef48704be984b40f85d150b8e) Importer(815301076,1909f56bfc062723c751e8b465ee728b)
Start importing Assets/Meshs/prism_proto_6.fbx using Guid(888a030ef48704be984b40f85d150b8e) Importer(815301076,1909f56bfc062723c751e8b465ee728b)  -> (artifact id: 'a0b9734bd8f8aa130b429440efe744b2') in 0.121527 seconds 
========================================================================
Received Import Request.
  Time since last request: 37.920920 seconds.
  path: Assets/Material/ally/ally_2_main.mat
  artifactKey: Guid(cb56a3d1442fb4b49b33e4bfec69624a) Importer(815301076,1909f56bfc062723c751e8b465ee728b)
Start importing Assets/Material/ally/ally_2_main.mat using Guid(cb56a3d1442fb4b49b33e4bfec69624a) Importer(815301076,1909f56bfc062723c751e8b465ee728b)  -> (artifact id: '77bb016ccafce4883b8a736679f8c24f') in 0.011217 seconds 
========================================================================
Received Import Request.
  Time since last request: 424.757264 seconds.
  path: Assets/Material/ally/ally_main_1.mat
  artifactKey: Guid(3eb997dafcaec461f8aec04fa0029058) Importer(815301076,1909f56bfc062723c751e8b465ee728b)
Start importing Assets/Material/ally/ally_main_1.mat using Guid(3eb997dafcaec461f8aec04fa0029058) Importer(815301076,1909f56bfc062723c751e8b465ee728b)  -> (artifact id: '3845a773696aa112cfe282cd569d9761') in 0.004768 seconds 
========================================================================
Received Import Request.
  Time since last request: 143.245212 seconds.
  path: Assets/Material/ally/ally_main_2.mat
  artifactKey: Guid(ae79734d28721416d98e39dcb1efd9bd) Importer(815301076,1909f56bfc062723c751e8b465ee728b)
Start importing Assets/Material/ally/ally_main_2.mat using Guid(ae79734d28721416d98e39dcb1efd9bd) Importer(815301076,1909f56bfc062723c751e8b465ee728b)  -> (artifact id: 'e49abbbb8e39e1342644dd784c35f2ef') in 0.005370 seconds 
========================================================================
Received Import Request.
  Time since last request: 8.865493 seconds.
  path: Assets/Material/ally/ally_main_3.mat
  artifactKey: Guid(547c786302a294d288b150264cd14ddf) Importer(815301076,1909f56bfc062723c751e8b465ee728b)
Start importing Assets/Material/ally/ally_main_3.mat using Guid(547c786302a294d288b150264cd14ddf) Importer(815301076,1909f56bfc062723c751e8b465ee728b)  -> (artifact id: '08a071e738f93d2266e62051758f6ce6') in 0.005487 seconds 
========================================================================
Received Import Request.
  Time since last request: 52.956033 seconds.
  path: Assets/Material/ally/New Material.mat
  artifactKey: Guid(fb933593d584d4019a66cd5bf262d8c1) Importer(815301076,1909f56bfc062723c751e8b465ee728b)
Start importing Assets/Material/ally/New Material.mat using Guid(fb933593d584d4019a66cd5bf262d8c1) Importer(815301076,1909f56bfc062723c751e8b465ee728b)  -> (artifact id: '213b0d0d701e0d517ccaa554018c3a4b') in 0.005246 seconds 
========================================================================
Received Import Request.
  Time since last request: 66.550398 seconds.
  path: Assets/Material/ally_main_1.mat
  artifactKey: Guid(3eb997dafcaec461f8aec04fa0029058) Importer(815301076,1909f56bfc062723c751e8b465ee728b)
Start importing Assets/Material/ally_main_1.mat using Guid(3eb997dafcaec461f8aec04fa0029058) Importer(815301076,1909f56bfc062723c751e8b465ee728b)  -> (artifact id: '605c15bee26fd48f890cb5aac0c231b0') in 0.011000 seconds 
========================================================================
Received Import Request.
  Time since last request: 0.000090 seconds.
  path: Assets/Material/ally_main_3.mat
  artifactKey: Guid(547c786302a294d288b150264cd14ddf) Importer(815301076,1909f56bfc062723c751e8b465ee728b)
Start importing Assets/Material/ally_main_3.mat using Guid(547c786302a294d288b150264cd14ddf) Importer(815301076,1909f56bfc062723c751e8b465ee728b)  -> (artifact id: '0bd417fa48a48a4fcdaeb59f2f1bf711') in 0.005214 seconds 
========================================================================
Received Import Request.
  Time since last request: 5.393769 seconds.
  path: Assets/Material/main
  artifactKey: Guid(39944bbf440414be6a869d5ffc0d429d) Importer(815301076,1909f56bfc062723c751e8b465ee728b)
Start importing Assets/Material/main using Guid(39944bbf440414be6a869d5ffc0d429d) Importer(815301076,1909f56bfc062723c751e8b465ee728b)  -> (artifact id: '95ea436f9f545bd335bef522f09f73b9') in 0.000652 seconds 
========================================================================
Received Import Request.
  Time since last request: 5.518569 seconds.
  path: Assets/Material/off
  artifactKey: Guid(4ced1848b850f493583aa2e59fe44f61) Importer(815301076,1909f56bfc062723c751e8b465ee728b)
Start importing Assets/Material/off using Guid(4ced1848b850f493583aa2e59fe44f61) Importer(815301076,1909f56bfc062723c751e8b465ee728b)  -> (artifact id: '5bae25c9d32a01ddcd5932bacd366ff7') in 0.000727 seconds 
========================================================================
Received Import Request.
  Time since last request: 32.780101 seconds.
  path: Assets/Material/main/enemy_main_1.mat
  artifactKey: Guid(4904240c59e224a1e89b2c26dac72d4f) Importer(815301076,1909f56bfc062723c751e8b465ee728b)
Start importing Assets/Material/main/enemy_main_1.mat using Guid(4904240c59e224a1e89b2c26dac72d4f) Importer(815301076,1909f56bfc062723c751e8b465ee728b)  -> (artifact id: '389fefb683b8db70522aa57d61255448') in 0.004805 seconds 
========================================================================
Received Import Request.
  Time since last request: 7.720781 seconds.
  path: Assets/Material/main/enemy_main_2.mat
  artifactKey: Guid(398da0a0e221d46b58fdb8a5f1c79a9f) Importer(815301076,1909f56bfc062723c751e8b465ee728b)
Start importing Assets/Material/main/enemy_main_2.mat using Guid(398da0a0e221d46b58fdb8a5f1c79a9f) Importer(815301076,1909f56bfc062723c751e8b465ee728b)  -> (artifact id: '695ccb6c21106611a6468d1ab1cd7e20') in 0.005537 seconds 
========================================================================
Received Import Request.
  Time since last request: 6.425588 seconds.
  path: Assets/Material/main/enemy_main_3.mat
  artifactKey: Guid(d8cb8f7303e914ab7b416811dbc3dfa2) Importer(815301076,1909f56bfc062723c751e8b465ee728b)
Start importing Assets/Material/main/enemy_main_3.mat using Guid(d8cb8f7303e914ab7b416811dbc3dfa2) Importer(815301076,1909f56bfc062723c751e8b465ee728b)  -> (artifact id: 'd341d1247bc5ce217c04eff15325daa1') in 0.005891 seconds 
========================================================================
Received Import Request.
  Time since last request: 157.318336 seconds.
  path: Assets/Meshs/prism_proto_5.fbx
  artifactKey: Guid(a734ab7a75b0f436b85c85cb858eee80) Importer(815301076,1909f56bfc062723c751e8b465ee728b)
Start importing Assets/Meshs/prism_proto_5.fbx using Guid(a734ab7a75b0f436b85c85cb858eee80) Importer(815301076,1909f56bfc062723c751e8b465ee728b)  -> (artifact id: 'ea7bf0c3a665cf4efb941c569d638693') in 0.120508 seconds 
========================================================================
Received Prepare
Registering precompiled user dll's ...
Registered in 0.001740 seconds.
Begin MonoManager ReloadAssembly
Thread 0x16be63000 may have been prematurely finalized
Symbol file LoadedFromMemory doesn't match image /Users/wesleywebb/Dev/FotF/fotf-tactics/FotF Tactics/Library/PackageCache/com.unity.visualscripting@1.8.0/Editor/VisualScripting.Core/Dependencies/YamlDotNet/Unity.VisualScripting.YamlDotNet.dll
Symbol file LoadedFromMemory doesn't match image /Users/wesleywebb/Dev/FotF/fotf-tactics/FotF Tactics/Library/PackageCache/com.unity.visualscripting@1.8.0/Editor/VisualScripting.Core/Dependencies/DotNetZip/Unity.VisualScripting.IonicZip.dll
Native extension for OSXStandalone target not found
Native extension for WebGL target not found
Refreshing native plugins compatible for Editor in 0.39 ms, found 2 plugins.
Preloading 0 native plugins for Editor in 0.00 ms.
System.Exception: Error! Visual Scripting: couldn't find visual scripting package
  at Unity.VisualScripting.PackageVersionUtility.get_version () [0x00043] in /Users/wesleywebb/Dev/FotF/fotf-tactics/FotF Tactics/Library/PackageCache/com.unity.visualscripting@1.8.0/Editor/VisualScripting.Core/Utilities/PackageVersionUtility.cs:31 
  at Unity.VisualScripting.BoltCoreManifest.get_version () [0x00000] in /Users/wesleywebb/Dev/FotF/fotf-tactics/FotF Tactics/Library/PackageCache/com.unity.visualscripting@1.8.0/Editor/VisualScripting.Core/Plugin/BoltCoreManifest.cs:11 
  at Unity.VisualScripting.PluginManifest.get_currentVersion () [0x00000] in /Users/wesleywebb/Dev/FotF/fotf-tactics/FotF Tactics/Library/PackageCache/com.unity.visualscripting@1.8.0/Editor/VisualScripting.Core/Plugins/PluginManifest.cs:33 
  at Unity.VisualScripting.PluginManifest.get_versionMismatch () [0x00000] in /Users/wesleywebb/Dev/FotF/fotf-tactics/FotF Tactics/Library/PackageCache/com.unity.visualscripting@1.8.0/Editor/VisualScripting.Core/Plugins/PluginManifest.cs:48 
  at Unity.VisualScripting.PluginContainer.Initialize () [0x00525] in /Users/wesleywebb/Dev/FotF/fotf-tactics/FotF Tactics/Library/PackageCache/com.unity.visualscripting@1.8.0/Editor/VisualScripting.Core/Plugins/PluginContainer.cs:208 
  at Unity.VisualScripting.PluginContainer.InitializeOnLoad () [0x00009] in /Users/wesleywebb/Dev/FotF/fotf-tactics/FotF Tactics/Library/PackageCache/com.unity.visualscripting@1.8.0/Editor/VisualScripting.Core/Plugins/PluginContainer.cs:32 
  at Unity.VisualScripting.VSUsageUtility.DoInitializeOnLoadCalls () [0x00034] in /Users/wesleywebb/Dev/FotF/fotf-tactics/FotF Tactics/Library/PackageCache/com.unity.visualscripting@1.8.0/Editor/VisualScripting.Core/Utilities/VSUsageUtility.cs:76 
  at Unity.VisualScripting.VSUsageUtility.set_isVisualScriptingUsed (System.Boolean value) [0x0002c] in /Users/wesleywebb/Dev/FotF/fotf-tactics/FotF Tactics/Library/PackageCache/com.unity.visualscripting@1.8.0/Editor/VisualScripting.Core/Utilities/VSUsageUtility.cs:114 
  at Unity.VisualScripting.VSUsageUtility.CheckAndSetIsVisualScriptingUsed () [0x0000d] in /Users/wesleywebb/Dev/FotF/fotf-tactics/FotF Tactics/Library/PackageCache/com.unity.visualscripting@1.8.0/Editor/VisualScripting.Core/Utilities/VSUsageUtility.cs:33 
  at Unity.VisualScripting.VSUsageUtility..cctor () [0x00000] in /Users/wesleywebb/Dev/FotF/fotf-tactics/FotF Tactics/Library/PackageCache/com.unity.visualscripting@1.8.0/Editor/VisualScripting.Core/Utilities/VSUsageUtility.cs:22 
UnityEngine.StackTraceUtility:ExtractStackTrace () (at /Users/bokken/build/output/unity/unity/Runtime/Export/Scripting/StackTrace.cs:37)
UnityEngine.DebugLogHandler:LogFormat (UnityEngine.LogType,UnityEngine.Object,string,object[])
UnityEngine.Logger:Log (UnityEngine.LogType,object)
UnityEngine.Debug:LogError (object)
UnityEditor.EditorAssemblies:ProcessInitializeOnLoadAttributes (System.Type[]) (at /Users/bokken/build/output/unity/unity/Editor/Mono/EditorAssemblies.cs:130)

(Filename: /Users/bokken/build/output/unity/unity/Editor/Mono/EditorAssemblies.cs Line: 130)

Mono: successfully reloaded assembly
- Completed reload, in  0.918 seconds
Domain Reload Profiling:
	ReloadAssembly (919ms)
		BeginReloadAssembly (108ms)
			ExecutionOrderSort (0ms)
			DisableScriptedObjects (3ms)
			BackupInstance (0ms)
			ReleaseScriptingObjects (0ms)
			CreateAndSetChildDomain (39ms)
		EndReloadAssembly (744ms)
			LoadAssemblies (46ms)
			RebuildTransferFunctionScriptingTraits (0ms)
			SetupTypeCache (209ms)
			ReleaseScriptCaches (1ms)
			RebuildScriptCaches (33ms)
			SetupLoadedEditorAssemblies (308ms)
				LogAssemblyErrors (0ms)
				InitializePlatformSupportModulesInManaged (3ms)
				SetLoadedEditorAssemblies (0ms)
				RefreshPlugins (0ms)
				BeforeProcessingInitializeOnLoad (39ms)
				ProcessInitializeOnLoadAttributes (253ms)
				ProcessInitializeOnLoadMethodAttributes (12ms)
				AfterProcessingInitializeOnLoad (1ms)
				EditorAssembliesLoaded (0ms)
			ExecutionOrderSort2 (0ms)
			AwakeInstancesAfterBackupRestoration (2ms)
Platform modules already initialized, skipping
Refreshing native plugins compatible for Editor in 0.76 ms, found 2 plugins.
Preloading 0 native plugins for Editor in 0.00 ms.
Unloading 3049 Unused Serialized files (Serialized files now loaded: 0)
Unloading 17 unused Assets / (48.8 KB). Loaded Objects now: 3568.
Memory consumption went from 113.7 MB to 113.7 MB.
Total: 10.316625 ms (FindLiveObjects: 0.128959 ms CreateObjectMapping: 0.054166 ms MarkObjects: 10.072042 ms  DeleteObjects: 0.061041 ms)

AssetImportParameters requested are different than current active one (requested -> active):
  custom:video-decoder-ogg-theora: a1e56fd34408186e4bbccfd4996cb3dc -> 
  custom:container-muxer-webm: aa71ff27fc2769a1b78a27578f13a17b -> 
  custom:container-demuxer-webm: 4f35f7cbe854078d1ac9338744f61a02 -> 
  custom:video-encoder-webm-vp8: eb34c28f22e8b96e1ab97ce403110664 -> 
  custom:framework-osx-AVFoundation: e770b220cccbd017edd2c1fefb359320 -> 
  custom:audio-encoder-webm-vorbis: bf7c407c2cedff20999df2af8eb42d56 -> 
  custom:container-demuxer-ogg: 62fdf1f143b41e24485cea50d1cbac27 -> 
  custom:video-decoder-webm-vp8: 9c59270c3fd7afecdb556c50c9e8de78 -> 
  custom:audio-decoder-ogg-vorbis: bf7c407c2cedff20999df2af8eb42d56 -> 
========================================================================
Received Prepare
Registering precompiled user dll's ...
Registered in 0.001448 seconds.
Begin MonoManager ReloadAssembly
Thread 0x16be63000 may have been prematurely finalized
Symbol file LoadedFromMemory doesn't match image /Users/wesleywebb/Dev/FotF/fotf-tactics/FotF Tactics/Library/PackageCache/com.unity.visualscripting@1.8.0/Editor/VisualScripting.Core/Dependencies/YamlDotNet/Unity.VisualScripting.YamlDotNet.dll
Symbol file LoadedFromMemory doesn't match image /Users/wesleywebb/Dev/FotF/fotf-tactics/FotF Tactics/Library/PackageCache/com.unity.visualscripting@1.8.0/Editor/VisualScripting.Core/Dependencies/DotNetZip/Unity.VisualScripting.IonicZip.dll
Native extension for OSXStandalone target not found
Native extension for WebGL target not found
Refreshing native plugins compatible for Editor in 0.37 ms, found 2 plugins.
Preloading 0 native plugins for Editor in 0.00 ms.
System.Exception: Error! Visual Scripting: couldn't find visual scripting package
  at Unity.VisualScripting.PackageVersionUtility.get_version () [0x00043] in /Users/wesleywebb/Dev/FotF/fotf-tactics/FotF Tactics/Library/PackageCache/com.unity.visualscripting@1.8.0/Editor/VisualScripting.Core/Utilities/PackageVersionUtility.cs:31 
  at Unity.VisualScripting.BoltCoreManifest.get_version () [0x00000] in /Users/wesleywebb/Dev/FotF/fotf-tactics/FotF Tactics/Library/PackageCache/com.unity.visualscripting@1.8.0/Editor/VisualScripting.Core/Plugin/BoltCoreManifest.cs:11 
  at Unity.VisualScripting.PluginManifest.get_currentVersion () [0x00000] in /Users/wesleywebb/Dev/FotF/fotf-tactics/FotF Tactics/Library/PackageCache/com.unity.visualscripting@1.8.0/Editor/VisualScripting.Core/Plugins/PluginManifest.cs:33 
  at Unity.VisualScripting.PluginManifest.get_versionMismatch () [0x00000] in /Users/wesleywebb/Dev/FotF/fotf-tactics/FotF Tactics/Library/PackageCache/com.unity.visualscripting@1.8.0/Editor/VisualScripting.Core/Plugins/PluginManifest.cs:48 
  at Unity.VisualScripting.PluginContainer.Initialize () [0x00525] in /Users/wesleywebb/Dev/FotF/fotf-tactics/FotF Tactics/Library/PackageCache/com.unity.visualscripting@1.8.0/Editor/VisualScripting.Core/Plugins/PluginContainer.cs:208 
  at Unity.VisualScripting.PluginContainer.InitializeOnLoad () [0x00009] in /Users/wesleywebb/Dev/FotF/fotf-tactics/FotF Tactics/Library/PackageCache/com.unity.visualscripting@1.8.0/Editor/VisualScripting.Core/Plugins/PluginContainer.cs:32 
  at Unity.VisualScripting.VSUsageUtility.DoInitializeOnLoadCalls () [0x00034] in /Users/wesleywebb/Dev/FotF/fotf-tactics/FotF Tactics/Library/PackageCache/com.unity.visualscripting@1.8.0/Editor/VisualScripting.Core/Utilities/VSUsageUtility.cs:76 
  at Unity.VisualScripting.VSUsageUtility.set_isVisualScriptingUsed (System.Boolean value) [0x0002c] in /Users/wesleywebb/Dev/FotF/fotf-tactics/FotF Tactics/Library/PackageCache/com.unity.visualscripting@1.8.0/Editor/VisualScripting.Core/Utilities/VSUsageUtility.cs:114 
  at Unity.VisualScripting.VSUsageUtility.CheckAndSetIsVisualScriptingUsed () [0x0000d] in /Users/wesleywebb/Dev/FotF/fotf-tactics/FotF Tactics/Library/PackageCache/com.unity.visualscripting@1.8.0/Editor/VisualScripting.Core/Utilities/VSUsageUtility.cs:33 
  at Unity.VisualScripting.VSUsageUtility..cctor () [0x00000] in /Users/wesleywebb/Dev/FotF/fotf-tactics/FotF Tactics/Library/PackageCache/com.unity.visualscripting@1.8.0/Editor/VisualScripting.Core/Utilities/VSUsageUtility.cs:22 
UnityEngine.StackTraceUtility:ExtractStackTrace () (at /Users/bokken/build/output/unity/unity/Runtime/Export/Scripting/StackTrace.cs:37)
UnityEngine.DebugLogHandler:LogFormat (UnityEngine.LogType,UnityEngine.Object,string,object[])
UnityEngine.Logger:Log (UnityEngine.LogType,object)
UnityEngine.Debug:LogError (object)
UnityEditor.EditorAssemblies:ProcessInitializeOnLoadAttributes (System.Type[]) (at /Users/bokken/build/output/unity/unity/Editor/Mono/EditorAssemblies.cs:130)

(Filename: /Users/bokken/build/output/unity/unity/Editor/Mono/EditorAssemblies.cs Line: 130)

Mono: successfully reloaded assembly
- Completed reload, in  0.902 seconds
Domain Reload Profiling:
	ReloadAssembly (902ms)
		BeginReloadAssembly (110ms)
			ExecutionOrderSort (0ms)
			DisableScriptedObjects (3ms)
			BackupInstance (0ms)
			ReleaseScriptingObjects (0ms)
			CreateAndSetChildDomain (39ms)
		EndReloadAssembly (727ms)
			LoadAssemblies (42ms)
			RebuildTransferFunctionScriptingTraits (0ms)
			SetupTypeCache (203ms)
			ReleaseScriptCaches (1ms)
			RebuildScriptCaches (32ms)
			SetupLoadedEditorAssemblies (305ms)
				LogAssemblyErrors (0ms)
				InitializePlatformSupportModulesInManaged (3ms)
				SetLoadedEditorAssemblies (0ms)
				RefreshPlugins (0ms)
				BeforeProcessingInitializeOnLoad (41ms)
				ProcessInitializeOnLoadAttributes (248ms)
				ProcessInitializeOnLoadMethodAttributes (11ms)
				AfterProcessingInitializeOnLoad (1ms)
				EditorAssembliesLoaded (0ms)
			ExecutionOrderSort2 (0ms)
			AwakeInstancesAfterBackupRestoration (2ms)
Platform modules already initialized, skipping
Refreshing native plugins compatible for Editor in 1.29 ms, found 2 plugins.
Preloading 0 native plugins for Editor in 0.00 ms.
Unloading 3049 Unused Serialized files (Serialized files now loaded: 0)
Unloading 17 unused Assets / (68.8 KB). Loaded Objects now: 3572.
Memory consumption went from 113.7 MB to 113.7 MB.
Total: 10.168167 ms (FindLiveObjects: 0.119500 ms CreateObjectMapping: 0.050042 ms MarkObjects: 9.926916 ms  DeleteObjects: 0.071208 ms)

AssetImportParameters requested are different than current active one (requested -> active):
  custom:video-decoder-ogg-theora: a1e56fd34408186e4bbccfd4996cb3dc -> 
  custom:container-muxer-webm: aa71ff27fc2769a1b78a27578f13a17b -> 
  custom:container-demuxer-webm: 4f35f7cbe854078d1ac9338744f61a02 -> 
  custom:video-encoder-webm-vp8: eb34c28f22e8b96e1ab97ce403110664 -> 
  custom:framework-osx-AVFoundation: e770b220cccbd017edd2c1fefb359320 -> 
  custom:audio-encoder-webm-vorbis: bf7c407c2cedff20999df2af8eb42d56 -> 
  custom:container-demuxer-ogg: 62fdf1f143b41e24485cea50d1cbac27 -> 
  custom:video-decoder-webm-vp8: 9c59270c3fd7afecdb556c50c9e8de78 -> 
  custom:audio-decoder-ogg-vorbis: bf7c407c2cedff20999df2af8eb42d56 -> 
========================================================================
Received Prepare
Registering precompiled user dll's ...
Registered in 0.001613 seconds.
Begin MonoManager ReloadAssembly
Thread 0x16be63000 may have been prematurely finalized
Symbol file LoadedFromMemory doesn't match image /Users/wesleywebb/Dev/FotF/fotf-tactics/FotF Tactics/Library/PackageCache/com.unity.visualscripting@1.8.0/Editor/VisualScripting.Core/Dependencies/YamlDotNet/Unity.VisualScripting.YamlDotNet.dll
Symbol file LoadedFromMemory doesn't match image /Users/wesleywebb/Dev/FotF/fotf-tactics/FotF Tactics/Library/PackageCache/com.unity.visualscripting@1.8.0/Editor/VisualScripting.Core/Dependencies/DotNetZip/Unity.VisualScripting.IonicZip.dll
Native extension for OSXStandalone target not found
Native extension for WebGL target not found
Refreshing native plugins compatible for Editor in 0.43 ms, found 2 plugins.
Preloading 0 native plugins for Editor in 0.00 ms.
System.Exception: Error! Visual Scripting: couldn't find visual scripting package
  at Unity.VisualScripting.PackageVersionUtility.get_version () [0x00043] in /Users/wesleywebb/Dev/FotF/fotf-tactics/FotF Tactics/Library/PackageCache/com.unity.visualscripting@1.8.0/Editor/VisualScripting.Core/Utilities/PackageVersionUtility.cs:31 
  at Unity.VisualScripting.BoltCoreManifest.get_version () [0x00000] in /Users/wesleywebb/Dev/FotF/fotf-tactics/FotF Tactics/Library/PackageCache/com.unity.visualscripting@1.8.0/Editor/VisualScripting.Core/Plugin/BoltCoreManifest.cs:11 
  at Unity.VisualScripting.PluginManifest.get_currentVersion () [0x00000] in /Users/wesleywebb/Dev/FotF/fotf-tactics/FotF Tactics/Library/PackageCache/com.unity.visualscripting@1.8.0/Editor/VisualScripting.Core/Plugins/PluginManifest.cs:33 
  at Unity.VisualScripting.PluginManifest.get_versionMismatch () [0x00000] in /Users/wesleywebb/Dev/FotF/fotf-tactics/FotF Tactics/Library/PackageCache/com.unity.visualscripting@1.8.0/Editor/VisualScripting.Core/Plugins/PluginManifest.cs:48 
  at Unity.VisualScripting.PluginContainer.Initialize () [0x00525] in /Users/wesleywebb/Dev/FotF/fotf-tactics/FotF Tactics/Library/PackageCache/com.unity.visualscripting@1.8.0/Editor/VisualScripting.Core/Plugins/PluginContainer.cs:208 
  at Unity.VisualScripting.PluginContainer.InitializeOnLoad () [0x00009] in /Users/wesleywebb/Dev/FotF/fotf-tactics/FotF Tactics/Library/PackageCache/com.unity.visualscripting@1.8.0/Editor/VisualScripting.Core/Plugins/PluginContainer.cs:32 
  at Unity.VisualScripting.VSUsageUtility.DoInitializeOnLoadCalls () [0x00034] in /Users/wesleywebb/Dev/FotF/fotf-tactics/FotF Tactics/Library/PackageCache/com.unity.visualscripting@1.8.0/Editor/VisualScripting.Core/Utilities/VSUsageUtility.cs:76 
  at Unity.VisualScripting.VSUsageUtility.set_isVisualScriptingUsed (System.Boolean value) [0x0002c] in /Users/wesleywebb/Dev/FotF/fotf-tactics/FotF Tactics/Library/PackageCache/com.unity.visualscripting@1.8.0/Editor/VisualScripting.Core/Utilities/VSUsageUtility.cs:114 
  at Unity.VisualScripting.VSUsageUtility.CheckAndSetIsVisualScriptingUsed () [0x0000d] in /Users/wesleywebb/Dev/FotF/fotf-tactics/FotF Tactics/Library/PackageCache/com.unity.visualscripting@1.8.0/Editor/VisualScripting.Core/Utilities/VSUsageUtility.cs:33 
  at Unity.VisualScripting.VSUsageUtility..cctor () [0x00000] in /Users/wesleywebb/Dev/FotF/fotf-tactics/FotF Tactics/Library/PackageCache/com.unity.visualscripting@1.8.0/Editor/VisualScripting.Core/Utilities/VSUsageUtility.cs:22 
UnityEngine.StackTraceUtility:ExtractStackTrace () (at /Users/bokken/build/output/unity/unity/Runtime/Export/Scripting/StackTrace.cs:37)
UnityEngine.DebugLogHandler:LogFormat (UnityEngine.LogType,UnityEngine.Object,string,object[])
UnityEngine.Logger:Log (UnityEngine.LogType,object)
UnityEngine.Debug:LogError (object)
UnityEditor.EditorAssemblies:ProcessInitializeOnLoadAttributes (System.Type[]) (at /Users/bokken/build/output/unity/unity/Editor/Mono/EditorAssemblies.cs:130)

(Filename: /Users/bokken/build/output/unity/unity/Editor/Mono/EditorAssemblies.cs Line: 130)

Mono: successfully reloaded assembly
- Completed reload, in  0.895 seconds
Domain Reload Profiling:
	ReloadAssembly (895ms)
		BeginReloadAssembly (105ms)
			ExecutionOrderSort (0ms)
			DisableScriptedObjects (3ms)
			BackupInstance (0ms)
			ReleaseScriptingObjects (0ms)
			CreateAndSetChildDomain (36ms)
		EndReloadAssembly (723ms)
			LoadAssemblies (41ms)
			RebuildTransferFunctionScriptingTraits (0ms)
			SetupTypeCache (202ms)
			ReleaseScriptCaches (1ms)
			RebuildScriptCaches (32ms)
			SetupLoadedEditorAssemblies (306ms)
				LogAssemblyErrors (0ms)
				InitializePlatformSupportModulesInManaged (3ms)
				SetLoadedEditorAssemblies (0ms)
				RefreshPlugins (0ms)
				BeforeProcessingInitializeOnLoad (41ms)
				ProcessInitializeOnLoadAttributes (249ms)
				ProcessInitializeOnLoadMethodAttributes (11ms)
				AfterProcessingInitializeOnLoad (1ms)
				EditorAssembliesLoaded (0ms)
			ExecutionOrderSort2 (0ms)
			AwakeInstancesAfterBackupRestoration (2ms)
Platform modules already initialized, skipping
Refreshing native plugins compatible for Editor in 0.81 ms, found 2 plugins.
Preloading 0 native plugins for Editor in 0.00 ms.
Unloading 3049 Unused Serialized files (Serialized files now loaded: 0)
Unloading 17 unused Assets / (69.0 KB). Loaded Objects now: 3576.
Memory consumption went from 113.7 MB to 113.7 MB.
Total: 10.246750 ms (FindLiveObjects: 0.119667 ms CreateObjectMapping: 0.048250 ms MarkObjects: 10.013875 ms  DeleteObjects: 0.064542 ms)

AssetImportParameters requested are different than current active one (requested -> active):
  custom:video-decoder-ogg-theora: a1e56fd34408186e4bbccfd4996cb3dc -> 
  custom:container-muxer-webm: aa71ff27fc2769a1b78a27578f13a17b -> 
  custom:container-demuxer-webm: 4f35f7cbe854078d1ac9338744f61a02 -> 
  custom:video-encoder-webm-vp8: eb34c28f22e8b96e1ab97ce403110664 -> 
  custom:framework-osx-AVFoundation: e770b220cccbd017edd2c1fefb359320 -> 
  custom:audio-encoder-webm-vorbis: bf7c407c2cedff20999df2af8eb42d56 -> 
  custom:container-demuxer-ogg: 62fdf1f143b41e24485cea50d1cbac27 -> 
  custom:video-decoder-webm-vp8: 9c59270c3fd7afecdb556c50c9e8de78 -> 
  custom:audio-decoder-ogg-vorbis: bf7c407c2cedff20999df2af8eb42d56 -> 
========================================================================
Received Prepare
Registering precompiled user dll's ...
Registered in 0.001944 seconds.
Begin MonoManager ReloadAssembly
Thread 0x16be63000 may have been prematurely finalized
Symbol file LoadedFromMemory doesn't match image /Users/wesleywebb/Dev/FotF/fotf-tactics/FotF Tactics/Library/PackageCache/com.unity.visualscripting@1.8.0/Editor/VisualScripting.Core/Dependencies/YamlDotNet/Unity.VisualScripting.YamlDotNet.dll
Symbol file LoadedFromMemory doesn't match image /Users/wesleywebb/Dev/FotF/fotf-tactics/FotF Tactics/Library/PackageCache/com.unity.visualscripting@1.8.0/Editor/VisualScripting.Core/Dependencies/DotNetZip/Unity.VisualScripting.IonicZip.dll
Native extension for OSXStandalone target not found
Native extension for WebGL target not found
Refreshing native plugins compatible for Editor in 0.38 ms, found 2 plugins.
Preloading 0 native plugins for Editor in 0.00 ms.
System.Exception: Error! Visual Scripting: couldn't find visual scripting package
  at Unity.VisualScripting.PackageVersionUtility.get_version () [0x00043] in /Users/wesleywebb/Dev/FotF/fotf-tactics/FotF Tactics/Library/PackageCache/com.unity.visualscripting@1.8.0/Editor/VisualScripting.Core/Utilities/PackageVersionUtility.cs:31 
  at Unity.VisualScripting.BoltCoreManifest.get_version () [0x00000] in /Users/wesleywebb/Dev/FotF/fotf-tactics/FotF Tactics/Library/PackageCache/com.unity.visualscripting@1.8.0/Editor/VisualScripting.Core/Plugin/BoltCoreManifest.cs:11 
  at Unity.VisualScripting.PluginManifest.get_currentVersion () [0x00000] in /Users/wesleywebb/Dev/FotF/fotf-tactics/FotF Tactics/Library/PackageCache/com.unity.visualscripting@1.8.0/Editor/VisualScripting.Core/Plugins/PluginManifest.cs:33 
  at Unity.VisualScripting.PluginManifest.get_versionMismatch () [0x00000] in /Users/wesleywebb/Dev/FotF/fotf-tactics/FotF Tactics/Library/PackageCache/com.unity.visualscripting@1.8.0/Editor/VisualScripting.Core/Plugins/PluginManifest.cs:48 
  at Unity.VisualScripting.PluginContainer.Initialize () [0x00525] in /Users/wesleywebb/Dev/FotF/fotf-tactics/FotF Tactics/Library/PackageCache/com.unity.visualscripting@1.8.0/Editor/VisualScripting.Core/Plugins/PluginContainer.cs:208 
  at Unity.VisualScripting.PluginContainer.InitializeOnLoad () [0x00009] in /Users/wesleywebb/Dev/FotF/fotf-tactics/FotF Tactics/Library/PackageCache/com.unity.visualscripting@1.8.0/Editor/VisualScripting.Core/Plugins/PluginContainer.cs:32 
  at Unity.VisualScripting.VSUsageUtility.DoInitializeOnLoadCalls () [0x00034] in /Users/wesleywebb/Dev/FotF/fotf-tactics/FotF Tactics/Library/PackageCache/com.unity.visualscripting@1.8.0/Editor/VisualScripting.Core/Utilities/VSUsageUtility.cs:76 
  at Unity.VisualScripting.VSUsageUtility.set_isVisualScriptingUsed (System.Boolean value) [0x0002c] in /Users/wesleywebb/Dev/FotF/fotf-tactics/FotF Tactics/Library/PackageCache/com.unity.visualscripting@1.8.0/Editor/VisualScripting.Core/Utilities/VSUsageUtility.cs:114 
  at Unity.VisualScripting.VSUsageUtility.CheckAndSetIsVisualScriptingUsed () [0x0000d] in /Users/wesleywebb/Dev/FotF/fotf-tactics/FotF Tactics/Library/PackageCache/com.unity.visualscripting@1.8.0/Editor/VisualScripting.Core/Utilities/VSUsageUtility.cs:33 
  at Unity.VisualScripting.VSUsageUtility..cctor () [0x00000] in /Users/wesleywebb/Dev/FotF/fotf-tactics/FotF Tactics/Library/PackageCache/com.unity.visualscripting@1.8.0/Editor/VisualScripting.Core/Utilities/VSUsageUtility.cs:22 
UnityEngine.StackTraceUtility:ExtractStackTrace () (at /Users/bokken/build/output/unity/unity/Runtime/Export/Scripting/StackTrace.cs:37)
UnityEngine.DebugLogHandler:LogFormat (UnityEngine.LogType,UnityEngine.Object,string,object[])
UnityEngine.Logger:Log (UnityEngine.LogType,object)
UnityEngine.Debug:LogError (object)
UnityEditor.EditorAssemblies:ProcessInitializeOnLoadAttributes (System.Type[]) (at /Users/bokken/build/output/unity/unity/Editor/Mono/EditorAssemblies.cs:130)

(Filename: /Users/bokken/build/output/unity/unity/Editor/Mono/EditorAssemblies.cs Line: 130)

Mono: successfully reloaded assembly
- Completed reload, in  0.899 seconds
Domain Reload Profiling:
	ReloadAssembly (899ms)
		BeginReloadAssembly (103ms)
			ExecutionOrderSort (0ms)
			DisableScriptedObjects (3ms)
			BackupInstance (0ms)
			ReleaseScriptingObjects (0ms)
			CreateAndSetChildDomain (36ms)
		EndReloadAssembly (731ms)
			LoadAssemblies (38ms)
			RebuildTransferFunctionScriptingTraits (0ms)
			SetupTypeCache (199ms)
			ReleaseScriptCaches (1ms)
			RebuildScriptCaches (33ms)
			SetupLoadedEditorAssemblies (311ms)
				LogAssemblyErrors (0ms)
				InitializePlatformSupportModulesInManaged (3ms)
				SetLoadedEditorAssemblies (0ms)
				RefreshPlugins (0ms)
				BeforeProcessingInitializeOnLoad (42ms)
				ProcessInitializeOnLoadAttributes (254ms)
				ProcessInitializeOnLoadMethodAttributes (11ms)
				AfterProcessingInitializeOnLoad (1ms)
				EditorAssembliesLoaded (0ms)
			ExecutionOrderSort2 (0ms)
			AwakeInstancesAfterBackupRestoration (2ms)
Platform modules already initialized, skipping
Refreshing native plugins compatible for Editor in 0.76 ms, found 2 plugins.
Preloading 0 native plugins for Editor in 0.00 ms.
Unloading 3049 Unused Serialized files (Serialized files now loaded: 0)
Unloading 17 unused Assets / (48.9 KB). Loaded Objects now: 3580.
Memory consumption went from 113.7 MB to 113.7 MB.
Total: 10.207417 ms (FindLiveObjects: 0.125584 ms CreateObjectMapping: 0.058083 ms MarkObjects: 9.953958 ms  DeleteObjects: 0.069208 ms)

AssetImportParameters requested are different than current active one (requested -> active):
  custom:video-decoder-ogg-theora: a1e56fd34408186e4bbccfd4996cb3dc -> 
  custom:container-muxer-webm: aa71ff27fc2769a1b78a27578f13a17b -> 
  custom:container-demuxer-webm: 4f35f7cbe854078d1ac9338744f61a02 -> 
  custom:video-encoder-webm-vp8: eb34c28f22e8b96e1ab97ce403110664 -> 
  custom:framework-osx-AVFoundation: e770b220cccbd017edd2c1fefb359320 -> 
  custom:audio-encoder-webm-vorbis: bf7c407c2cedff20999df2af8eb42d56 -> 
  custom:container-demuxer-ogg: 62fdf1f143b41e24485cea50d1cbac27 -> 
  custom:video-decoder-webm-vp8: 9c59270c3fd7afecdb556c50c9e8de78 -> 
  custom:audio-decoder-ogg-vorbis: bf7c407c2cedff20999df2af8eb42d56 -> 
========================================================================
Received Import Request.
  Time since last request: 395.510098 seconds.
  path: Assets/Meshs/prism
  artifactKey: Guid(4195cc907b5444387830a6fb241a0608) Importer(815301076,1909f56bfc062723c751e8b465ee728b)
Start importing Assets/Meshs/prism using Guid(4195cc907b5444387830a6fb241a0608) Importer(815301076,1909f56bfc062723c751e8b465ee728b)  -> (artifact id: '3beeef0365131bbfcfdaf62927ced1e6') in 0.005149 seconds 
========================================================================
Received Import Request.
  Time since last request: 11.151323 seconds.
  path: Assets/Meshs/board
  artifactKey: Guid(c3369497a0fa54bedb6c67b02c3c4469) Importer(815301076,1909f56bfc062723c751e8b465ee728b)
Start importing Assets/Meshs/board using Guid(c3369497a0fa54bedb6c67b02c3c4469) Importer(815301076,1909f56bfc062723c751e8b465ee728b)  -> (artifact id: '217f6ce2804ee0dc9b3a107f897fe781') in 0.000690 seconds 
========================================================================
Received Import Request.
  Time since last request: 77.190425 seconds.
  path: Assets/Material/ally_off_1.mat
  artifactKey: Guid(0b23bd8c43fd54bc0ab3feb626128c5c) Importer(815301076,1909f56bfc062723c751e8b465ee728b)
Start importing Assets/Material/ally_off_1.mat using Guid(0b23bd8c43fd54bc0ab3feb626128c5c) Importer(815301076,1909f56bfc062723c751e8b465ee728b)  -> (artifact id: '0e4067de40def7bae5d609ba34de82e2') in 0.040534 seconds 
========================================================================
Received Import Request.
  Time since last request: 19.533056 seconds.
  path: Assets/Material/off/ally_off_2.mat
  artifactKey: Guid(d54fd6fcf3e4c4c7ca09eac9b698799f) Importer(815301076,1909f56bfc062723c751e8b465ee728b)
Start importing Assets/Material/off/ally_off_2.mat using Guid(d54fd6fcf3e4c4c7ca09eac9b698799f) Importer(815301076,1909f56bfc062723c751e8b465ee728b)  -> (artifact id: 'fb02972b308d2ae118a86edd7465cb0d') in 0.005229 seconds 
========================================================================
Received Import Request.
  Time since last request: 6.897191 seconds.
  path: Assets/Material/off/ally_off_3.mat
  artifactKey: Guid(6848575127ec94c25bcada25ce273177) Importer(815301076,1909f56bfc062723c751e8b465ee728b)
Start importing Assets/Material/off/ally_off_3.mat using Guid(6848575127ec94c25bcada25ce273177) Importer(815301076,1909f56bfc062723c751e8b465ee728b)  -> (artifact id: 'fe3309c588aeb75629fb34937a0cb899') in 0.005386 seconds 
========================================================================
Received Import Request.
  Time since last request: 497.167788 seconds.
  path: Assets/Material/off/enemy_off_1.mat
  artifactKey: Guid(b6cd2ac84c7a24447a2b825e71072e33) Importer(815301076,1909f56bfc062723c751e8b465ee728b)
Start importing Assets/Material/off/enemy_off_1.mat using Guid(b6cd2ac84c7a24447a2b825e71072e33) Importer(815301076,1909f56bfc062723c751e8b465ee728b)  -> (artifact id: '25d574abfbf68078daf0b14843d755ca') in 0.005505 seconds 
========================================================================
Received Import Request.
  Time since last request: 5.944115 seconds.
  path: Assets/Material/off/enemy_off_2.mat
  artifactKey: Guid(5a9918b47fae944b0b8a2af216a79727) Importer(815301076,1909f56bfc062723c751e8b465ee728b)
Start importing Assets/Material/off/enemy_off_2.mat using Guid(5a9918b47fae944b0b8a2af216a79727) Importer(815301076,1909f56bfc062723c751e8b465ee728b)  -> (artifact id: '9cc30e6060456c7246895acce3586128') in 0.005269 seconds 
========================================================================
Received Import Request.
  Time since last request: 7.133373 seconds.
  path: Assets/Material/off/enemy_off_3.mat
  artifactKey: Guid(3037dacefda304ed7a42b24ccd2e1993) Importer(815301076,1909f56bfc062723c751e8b465ee728b)
Start importing Assets/Material/off/enemy_off_3.mat using Guid(3037dacefda304ed7a42b24ccd2e1993) Importer(815301076,1909f56bfc062723c751e8b465ee728b)  -> (artifact id: '35f65c1e33ae5dd7291ea5523890eea5') in 0.005951 seconds 
